{"level":"info","message":"Listening on port 3000...","timestamp":"2023-01-28T16:37:14.522Z"}
{"level":"info","message":"Connected to mongodb://localhost/vidly_tests...","timestamp":"2023-01-28T16:37:14.568Z"}
{"level":"info","message":"Listening on port 3000...","timestamp":"2023-01-28T16:37:14.574Z"}
{"code":"ERR_HTTP_HEADERS_SENT","level":"error","timestamp":"2023-01-28T16:37:14.620Z"}
{"level":"info","message":"Connected to mongodb://localhost/vidly_tests...","timestamp":"2023-01-28T16:37:14.651Z"}
{"code":"ERR_HTTP_HEADERS_SENT","level":"error","timestamp":"2023-01-28T16:37:14.747Z"}
{"level":"info","message":"Listening on port 3000...","timestamp":"2023-01-28T16:38:51.166Z"}
{"code":"ERR_HTTP_HEADERS_SENT","level":"error","timestamp":"2023-01-28T16:38:51.210Z"}
{"level":"info","message":"Connected to mongodb://localhost/vidly_tests...","timestamp":"2023-01-28T16:38:51.189Z"}
{"level":"info","message":"Listening on port 3000...","timestamp":"2023-01-28T16:38:51.200Z"}
{"level":"info","message":"Connected to mongodb://localhost/vidly_tests...","timestamp":"2023-01-28T16:38:51.250Z"}
{"code":"ERR_HTTP_HEADERS_SENT","level":"error","timestamp":"2023-01-28T16:38:51.396Z"}
{"level":"info","message":"Listening on port 3000...","timestamp":"2023-01-28T16:39:08.864Z"}
{"level":"info","message":"Listening on port 3000...","timestamp":"2023-01-28T16:39:08.896Z"}
{"code":"ERR_HTTP_HEADERS_SENT","level":"error","timestamp":"2023-01-28T16:39:08.949Z"}
{"level":"info","message":"Connected to mongodb://localhost/vidly_tests...","timestamp":"2023-01-28T16:39:08.915Z"}
{"level":"info","message":"Connected to mongodb://localhost/vidly_tests...","timestamp":"2023-01-28T16:39:09.001Z"}
{"code":"ERR_HTTP_HEADERS_SENT","level":"error","timestamp":"2023-01-28T16:39:09.122Z"}
{"level":"info","message":"Listening on port 3000...","timestamp":"2023-01-28T16:39:14.984Z"}
{"level":"info","message":"Listening on port 3000...","timestamp":"2023-01-28T16:39:14.999Z"}
{"code":"ERR_HTTP_HEADERS_SENT","level":"error","timestamp":"2023-01-28T16:39:15.042Z"}
{"level":"info","message":"Connected to mongodb://localhost/vidly_tests...","timestamp":"2023-01-28T16:39:15.026Z"}
{"level":"info","message":"Connected to mongodb://localhost/vidly_tests...","timestamp":"2023-01-28T16:39:15.076Z"}
{"code":"ERR_HTTP_HEADERS_SENT","level":"error","timestamp":"2023-01-28T16:39:15.218Z"}
{"level":"info","message":"Listening on port 3000...","timestamp":"2023-01-28T16:41:49.657Z"}
{"level":"info","message":"Connected to mongodb://localhost/vidly...","timestamp":"2023-01-28T16:41:49.695Z"}
{"level":"info","message":"Listening on port 3000...","timestamp":"2023-01-28T16:42:10.047Z"}
{"code":"ERR_HTTP_HEADERS_SENT","level":"error","timestamp":"2023-01-28T16:42:10.089Z"}
{"level":"info","message":"Connected to mongodb://localhost/vidly_tests...","timestamp":"2023-01-28T16:42:10.073Z"}
{"level":"info","message":"Listening on port 3000...","timestamp":"2023-01-28T16:42:10.084Z"}
{"level":"info","message":"Connected to mongodb://localhost/vidly_tests...","timestamp":"2023-01-28T16:42:10.114Z"}
{"code":"ERR_HTTP_HEADERS_SENT","level":"error","timestamp":"2023-01-28T16:42:10.265Z"}
{"level":"info","message":"Listening on port 3000...","timestamp":"2023-01-28T16:42:28.593Z"}
{"code":"ERR_HTTP_HEADERS_SENT","level":"error","timestamp":"2023-01-28T16:42:28.645Z"}
{"level":"info","message":"Connected to mongodb://localhost/vidly_tests...","timestamp":"2023-01-28T16:42:28.653Z"}
{"level":"info","message":"Listening on port 3000...","timestamp":"2023-01-28T16:42:28.663Z"}
{"level":"info","message":"Connected to mongodb://localhost/vidly_tests...","timestamp":"2023-01-28T16:42:28.687Z"}
{"code":"ERR_HTTP_HEADERS_SENT","level":"error","timestamp":"2023-01-28T16:42:28.836Z"}
{"level":"info","message":"Listening on port 3000...","timestamp":"2023-01-28T16:45:49.254Z"}
{"code":"ERR_HTTP_HEADERS_SENT","level":"error","timestamp":"2023-01-28T16:45:49.315Z"}
{"level":"info","message":"Connected to mongodb://localhost/vidly_tests...","timestamp":"2023-01-28T16:45:49.300Z"}
{"level":"info","message":"Listening on port 3000...","timestamp":"2023-01-28T16:45:49.312Z"}
{"level":"info","message":"Connected to mongodb://localhost/vidly_tests...","timestamp":"2023-01-28T16:45:49.359Z"}
{"code":"ERR_HTTP_HEADERS_SENT","level":"error","timestamp":"2023-01-28T16:45:49.512Z"}
{"level":"info","message":"Listening on port 3000...","timestamp":"2023-01-28T16:46:59.551Z"}
{"code":"ERR_HTTP_HEADERS_SENT","level":"error","timestamp":"2023-01-28T16:46:59.593Z"}
{"level":"info","message":"Connected to mongodb://localhost/vidly_tests...","timestamp":"2023-01-28T16:46:59.628Z"}
{"level":"info","message":"Listening on port 3000...","timestamp":"2023-01-28T16:46:59.784Z"}
{"level":"info","message":"Connected to mongodb://localhost/vidly_tests...","timestamp":"2023-01-28T16:46:59.813Z"}
{"code":"ERR_HTTP_HEADERS_SENT","level":"error","timestamp":"2023-01-28T16:46:59.983Z"}
{"level":"info","message":"Listening on port 3000...","timestamp":"2023-01-28T16:47:39.126Z"}
{"code":"ERR_HTTP_HEADERS_SENT","level":"error","timestamp":"2023-01-28T16:47:39.167Z"}
{"level":"info","message":"Connected to mongodb://localhost/vidly_tests...","timestamp":"2023-01-28T16:47:39.209Z"}
{"level":"info","message":"Listening on port 3000...","timestamp":"2023-01-28T16:47:39.312Z"}
{"level":"info","message":"Connected to mongodb://localhost/vidly_tests...","timestamp":"2023-01-28T16:47:39.351Z"}
{"code":"ERR_HTTP_HEADERS_SENT","level":"error","timestamp":"2023-01-28T16:47:39.518Z"}
{"level":"info","message":"Listening on port 3000...","timestamp":"2023-01-28T16:48:26.279Z"}
{"code":"ERR_HTTP_HEADERS_SENT","level":"error","timestamp":"2023-01-28T16:48:26.319Z"}
{"level":"info","message":"Connected to mongodb://localhost/vidly_tests...","timestamp":"2023-01-28T16:48:26.367Z"}
{"level":"info","message":"Connected to mongodb://localhost/vidly_tests...","timestamp":"2023-01-28T16:48:26.421Z"}
{"level":"info","message":"Listening on port 3000...","timestamp":"2023-01-28T16:48:26.434Z"}
{"code":"ERR_HTTP_HEADERS_SENT","level":"error","timestamp":"2023-01-28T16:48:26.637Z"}
{"level":"info","message":"Listening on port 3000...","timestamp":"2023-01-28T16:48:48.927Z"}
{"code":"ERR_HTTP_HEADERS_SENT","level":"error","timestamp":"2023-01-28T16:48:48.961Z"}
{"level":"info","message":"Connected to mongodb://localhost/vidly_tests...","timestamp":"2023-01-28T16:48:48.998Z"}
{"level":"info","message":"Listening on port 3000...","timestamp":"2023-01-28T16:49:05.602Z"}
{"code":"ERR_HTTP_HEADERS_SENT","level":"error","timestamp":"2023-01-28T16:49:05.638Z"}
{"level":"info","message":"Connected to mongodb://localhost/vidly_tests...","timestamp":"2023-01-28T16:49:05.675Z"}
{"level":"info","message":"Listening on port 3000...","timestamp":"2023-01-28T16:49:17.925Z"}
{"code":"ERR_HTTP_HEADERS_SENT","level":"error","timestamp":"2023-01-28T16:49:17.986Z"}
{"level":"info","message":"Connected to mongodb://localhost/vidly_tests...","timestamp":"2023-01-28T16:49:18.020Z"}
{"level":"info","message":"Listening on port 3000...","timestamp":"2023-01-28T16:49:44.627Z"}
{"code":"ERR_HTTP_HEADERS_SENT","level":"error","timestamp":"2023-01-28T16:49:44.676Z"}
{"level":"info","message":"Connected to mongodb://localhost/vidly_tests...","timestamp":"2023-01-28T16:49:44.683Z"}
{"level":"info","message":"Listening on port 3000...","timestamp":"2023-01-28T16:49:44.694Z"}
{"level":"info","message":"Connected to mongodb://localhost/vidly_tests...","timestamp":"2023-01-28T16:49:44.718Z"}
{"code":"ERR_HTTP_HEADERS_SENT","level":"error","timestamp":"2023-01-28T16:49:44.872Z"}
{"level":"info","message":"Listening on port 3000...","timestamp":"2023-01-28T16:51:03.116Z"}
{"code":"ERR_HTTP_HEADERS_SENT","level":"error","timestamp":"2023-01-28T16:51:03.164Z"}
{"level":"info","message":"Connected to mongodb://localhost/vidly_tests...","timestamp":"2023-01-28T16:51:03.200Z"}
{"level":"info","message":"Listening on port 3000...","timestamp":"2023-01-28T16:52:22.413Z"}
{"code":"ERR_HTTP_HEADERS_SENT","level":"error","timestamp":"2023-01-28T16:52:22.451Z"}
{"level":"info","message":"Connected to mongodb://localhost/vidly_tests...","timestamp":"2023-01-28T16:52:22.488Z"}
{"level":"info","message":"Listening on port 3000...","timestamp":"2023-01-28T16:52:34.717Z"}
{"code":"ERR_HTTP_HEADERS_SENT","level":"error","timestamp":"2023-01-28T16:52:34.760Z"}
{"level":"info","message":"Connected to mongodb://localhost/vidly_tests...","timestamp":"2023-01-28T16:52:34.798Z"}
{"level":"info","message":"Listening on port 3000...","timestamp":"2023-01-28T16:52:34.890Z"}
{"level":"info","message":"Connected to mongodb://localhost/vidly_tests...","timestamp":"2023-01-28T16:52:34.922Z"}
{"code":"ERR_HTTP_HEADERS_SENT","level":"error","timestamp":"2023-01-28T16:52:35.087Z"}
{"level":"info","message":"Listening on port 3000...","timestamp":"2023-01-28T16:55:44.211Z"}
{"code":"ERR_HTTP_HEADERS_SENT","level":"error","timestamp":"2023-01-28T16:55:44.253Z"}
{"level":"info","message":"Connected to mongodb://localhost/vidly_tests...","timestamp":"2023-01-28T16:55:44.293Z"}
{"level":"info","message":"Listening on port 3000...","timestamp":"2023-01-28T16:55:44.538Z"}
{"level":"info","message":"Connected to mongodb://localhost/vidly_tests...","timestamp":"2023-01-28T16:55:44.577Z"}
{"code":"ERR_HTTP_HEADERS_SENT","level":"error","timestamp":"2023-01-28T16:55:44.725Z"}
{"message":"Cast to ObjectId failed for value \"1\" (type string) at path \"_id\" for model \"Genre\"","stack":"CastError: Cast to ObjectId failed for value \"1\" (type string) at path \"_id\" for model \"Genre\"\n    at model.Query.exec (C:\\Users\\Peter Ly\\Desktop\\FutureProof\\post-fp\\vanillaJS\\vidly\\node_modules\\mongoose\\lib\\query.js:4498:21)\n    at model.Query.Object.<anonymous>.Query.then (C:\\Users\\Peter Ly\\Desktop\\FutureProof\\post-fp\\vanillaJS\\vidly\\node_modules\\mongoose\\lib\\query.js:4592:15)\n    at processTicksAndRejections (node:internal/process/task_queues:96:5)","stringValue":"\"1\"","kind":"ObjectId","value":"1","path":"_id","reason":{},"valueType":"string","level":"error","timestamp":"2023-01-28T16:55:44.843Z"}
{"code":"ERR_HTTP_HEADERS_SENT","level":"error","timestamp":"2023-01-28T16:55:44.896Z"}
{"message":"Cast to ObjectId failed for value \"1\" (type string) at path \"_id\" for model \"Genre\"","stack":"CastError: Cast to ObjectId failed for value \"1\" (type string) at path \"_id\" for model \"Genre\"\n    at model.Query.exec (C:\\Users\\Peter Ly\\Desktop\\FutureProof\\post-fp\\vanillaJS\\vidly\\node_modules\\mongoose\\lib\\query.js:4498:21)\n    at model.Query.Object.<anonymous>.Query.then (C:\\Users\\Peter Ly\\Desktop\\FutureProof\\post-fp\\vanillaJS\\vidly\\node_modules\\mongoose\\lib\\query.js:4592:15)\n    at processTicksAndRejections (node:internal/process/task_queues:96:5)","stringValue":"\"1\"","kind":"ObjectId","value":"1","path":"_id","reason":{},"valueType":"string","level":"error","timestamp":"2023-01-28T16:55:44.917Z"}
{"level":"info","message":"Listening on port 3000...","timestamp":"2023-01-28T16:56:25.300Z"}
{"code":"ERR_HTTP_HEADERS_SENT","level":"error","timestamp":"2023-01-28T16:56:25.357Z"}
{"level":"info","message":"Connected to mongodb://localhost/vidly_tests...","timestamp":"2023-01-28T16:56:25.396Z"}
{"level":"info","message":"Connected to mongodb://localhost/vidly_tests...","timestamp":"2023-01-28T16:56:25.387Z"}
{"level":"info","message":"Listening on port 3000...","timestamp":"2023-01-28T16:56:25.398Z"}
{"code":"ERR_HTTP_HEADERS_SENT","level":"error","timestamp":"2023-01-28T16:56:25.561Z"}
{"level":"info","message":"Listening on port 3000...","timestamp":"2023-01-28T16:56:59.869Z"}
{"code":"ERR_HTTP_HEADERS_SENT","level":"error","timestamp":"2023-01-28T16:56:59.916Z"}
{"level":"info","message":"Connected to mongodb://localhost/vidly_tests...","timestamp":"2023-01-28T16:56:59.952Z"}
{"level":"info","message":"Connected to mongodb://localhost/vidly_tests...","timestamp":"2023-01-28T16:56:59.942Z"}
{"level":"info","message":"Listening on port 3000...","timestamp":"2023-01-28T16:56:59.951Z"}
{"code":"ERR_HTTP_HEADERS_SENT","level":"error","timestamp":"2023-01-28T16:57:00.122Z"}
{"level":"info","message":"Listening on port 3000...","timestamp":"2023-01-28T16:57:12.620Z"}
{"level":"info","message":"Connected to mongodb://localhost/vidly_tests...","timestamp":"2023-01-28T16:57:12.655Z"}
{"level":"info","message":"Listening on port 3000...","timestamp":"2023-01-28T16:57:12.736Z"}
{"code":"ERR_HTTP_HEADERS_SENT","level":"error","timestamp":"2023-01-28T16:57:12.782Z"}
{"code":"ERR_HTTP_HEADERS_SENT","level":"error","timestamp":"2023-01-28T16:57:12.838Z"}
{"level":"info","message":"Connected to mongodb://localhost/vidly_tests...","timestamp":"2023-01-28T16:57:12.809Z"}
{"level":"info","message":"Listening on port 3000...","timestamp":"2023-01-28T16:58:30.377Z"}
{"level":"info","message":"Connected to mongodb://localhost/vidly_tests...","timestamp":"2023-01-28T16:58:30.426Z"}
{"level":"info","message":"Listening on port 3000...","timestamp":"2023-01-28T16:58:30.447Z"}
{"code":"ERR_HTTP_HEADERS_SENT","level":"error","timestamp":"2023-01-28T16:58:30.500Z"}
{"level":"info","message":"Connected to mongodb://localhost/vidly_tests...","timestamp":"2023-01-28T16:58:30.533Z"}
{"code":"ERR_HTTP_HEADERS_SENT","level":"error","timestamp":"2023-01-28T16:58:30.640Z"}
{"level":"info","message":"Listening on port 3000...","timestamp":"2023-01-28T16:59:15.100Z"}
{"code":"ERR_HTTP_HEADERS_SENT","level":"error","timestamp":"2023-01-28T16:59:15.156Z"}
{"level":"info","message":"Connected to mongodb://localhost/vidly_tests...","timestamp":"2023-01-28T16:59:15.147Z"}
{"level":"info","message":"Listening on port 3000...","timestamp":"2023-01-28T16:59:15.158Z"}
{"level":"info","message":"Connected to mongodb://localhost/vidly_tests...","timestamp":"2023-01-28T16:59:15.204Z"}
{"code":"ERR_HTTP_HEADERS_SENT","level":"error","timestamp":"2023-01-28T16:59:15.359Z"}
{"level":"info","message":"Listening on port 3000...","timestamp":"2023-01-28T16:59:18.890Z"}
{"level":"info","message":"Connected to mongodb://localhost/vidly...","timestamp":"2023-01-28T16:59:18.942Z"}
{"level":"info","message":"Listening on port 3000...","timestamp":"2023-01-28T16:59:41.180Z"}
{"level":"info","message":"Connected to mongodb://localhost/vidly_tests...","timestamp":"2023-01-28T16:59:41.225Z"}
{"level":"info","message":"Listening on port 3000...","timestamp":"2023-01-28T16:59:41.257Z"}
{"code":"ERR_HTTP_HEADERS_SENT","level":"error","timestamp":"2023-01-28T16:59:41.309Z"}
{"level":"info","message":"Connected to mongodb://localhost/vidly_tests...","timestamp":"2023-01-28T16:59:41.338Z"}
{"code":"ERR_HTTP_HEADERS_SENT","level":"error","timestamp":"2023-01-28T16:59:41.435Z"}
{"level":"info","message":"Listening on port 3000...","timestamp":"2023-01-28T17:03:23.666Z"}
{"level":"info","message":"Connected to mongodb://localhost/vidly_tests...","timestamp":"2023-01-28T17:03:23.705Z"}
{"level":"info","message":"Listening on port 3000...","timestamp":"2023-01-28T17:03:23.742Z"}
{"code":"ERR_HTTP_HEADERS_SENT","level":"error","timestamp":"2023-01-28T17:03:23.793Z"}
{"level":"info","message":"Connected to mongodb://localhost/vidly_tests...","timestamp":"2023-01-28T17:03:23.828Z"}
{"code":"ERR_HTTP_HEADERS_SENT","level":"error","timestamp":"2023-01-28T17:03:23.894Z"}
{"level":"info","message":"Listening on port 3000...","timestamp":"2023-01-28T17:04:38.509Z"}
{"code":"ERR_HTTP_HEADERS_SENT","level":"error","timestamp":"2023-01-28T17:04:38.565Z"}
{"level":"info","message":"Connected to mongodb://localhost/vidly_tests...","timestamp":"2023-01-28T17:04:38.613Z"}
{"level":"info","message":"Connected to mongodb://localhost/vidly_tests...","timestamp":"2023-01-28T17:04:38.609Z"}
{"level":"info","message":"Listening on port 3000...","timestamp":"2023-01-28T17:04:38.618Z"}
{"code":"ERR_HTTP_HEADERS_SENT","level":"error","timestamp":"2023-01-28T17:04:38.802Z"}
{"level":"info","message":"Listening on port 3000...","timestamp":"2023-01-28T17:24:13.768Z"}
{"level":"info","message":"Connected to mongodb://localhost/vidly_tests...","timestamp":"2023-01-28T17:24:13.828Z"}
{"level":"info","message":"Connected to mongodb://localhost/vidly_tests...","timestamp":"2023-01-28T17:24:13.842Z"}
{"level":"info","message":"Listening on port 3000...","timestamp":"2023-01-28T17:24:13.914Z"}
{"code":"ERR_HTTP_HEADERS_SENT","level":"error","timestamp":"2023-01-28T17:24:13.971Z"}
{"code":"ERR_HTTP_HEADERS_SENT","level":"error","timestamp":"2023-01-28T17:24:14.086Z"}
{"level":"info","message":"Connected to mongodb://localhost/vidly_tests...","timestamp":"2023-01-28T17:24:14.009Z"}
{"level":"info","message":"Listening on port 3000...","timestamp":"2023-01-28T17:25:52.580Z"}
{"code":"ERR_HTTP_HEADERS_SENT","level":"error","timestamp":"2023-01-28T17:25:52.635Z"}
{"level":"info","message":"Connected to mongodb://localhost/vidly_tests...","timestamp":"2023-01-28T17:25:52.617Z"}
{"level":"info","message":"Connected to mongodb://localhost/vidly_tests...","timestamp":"2023-01-28T17:25:52.633Z"}
{"level":"info","message":"Listening on port 3000...","timestamp":"2023-01-28T17:25:52.629Z"}
{"level":"info","message":"Connected to mongodb://localhost/vidly_tests...","timestamp":"2023-01-28T17:25:52.680Z"}
{"code":"ERR_HTTP_HEADERS_SENT","level":"error","timestamp":"2023-01-28T17:25:52.847Z"}
{"level":"info","message":"Listening on port 3000...","timestamp":"2023-01-28T17:26:17.684Z"}
{"level":"info","message":"Connected to mongodb://localhost/vidly_tests...","timestamp":"2023-01-28T17:26:17.844Z"}
{"level":"info","message":"Listening on port 3000...","timestamp":"2023-01-28T17:26:17.954Z"}
{"level":"info","message":"Connected to mongodb://localhost/vidly_tests...","timestamp":"2023-01-28T17:26:17.899Z"}
{"level":"info","message":"Listening on port 3000...","timestamp":"2023-01-28T17:26:17.915Z"}
{"code":"ERR_HTTP_HEADERS_SENT","level":"error","timestamp":"2023-01-28T17:26:18.006Z"}
{"code":"ERR_HTTP_HEADERS_SENT","level":"error","timestamp":"2023-01-28T17:26:18.122Z"}
{"level":"info","message":"Connected to mongodb://localhost/vidly_tests...","timestamp":"2023-01-28T17:26:18.059Z"}
{"level":"info","message":"Listening on port 3000...","timestamp":"2023-01-28T17:29:25.022Z"}
{"level":"info","message":"Connected to mongodb://localhost/vidly_tests...","timestamp":"2023-01-28T17:29:25.079Z"}
{"level":"info","message":"Listening on port 3000...","timestamp":"2023-01-28T17:29:25.117Z"}
{"code":"ERR_HTTP_HEADERS_SENT","level":"error","timestamp":"2023-01-28T17:29:25.193Z"}
{"level":"info","message":"Connected to mongodb://localhost/vidly_tests...","timestamp":"2023-01-28T17:29:25.212Z"}
{"level":"info","message":"Listening on port 3000...","timestamp":"2023-01-28T17:29:25.484Z"}
{"level":"info","message":"Connected to mongodb://localhost/vidly_tests...","timestamp":"2023-01-28T17:29:25.530Z"}
{"code":"ERR_HTTP_HEADERS_SENT","level":"error","timestamp":"2023-01-28T17:29:25.729Z"}
{"message":"Cast to ObjectId failed for value \"1\" (type string) at path \"_id\" for model \"Genre\"","stack":"CastError: Cast to ObjectId failed for value \"1\" (type string) at path \"_id\" for model \"Genre\"\n    at model.Query.exec (C:\\Users\\Peter Ly\\Desktop\\FutureProof\\post-fp\\vanillaJS\\vidly\\node_modules\\mongoose\\lib\\query.js:4498:21)\n    at model.Query.Object.<anonymous>.Query.then (C:\\Users\\Peter Ly\\Desktop\\FutureProof\\post-fp\\vanillaJS\\vidly\\node_modules\\mongoose\\lib\\query.js:4592:15)\n    at processTicksAndRejections (node:internal/process/task_queues:96:5)","stringValue":"\"1\"","kind":"ObjectId","value":"1","path":"_id","reason":{},"valueType":"string","level":"error","timestamp":"2023-01-28T17:29:25.857Z"}
{"code":"ERR_HTTP_HEADERS_SENT","level":"error","timestamp":"2023-01-28T17:29:25.911Z"}
{"message":"Cast to ObjectId failed for value \"1\" (type string) at path \"_id\" for model \"Genre\"","stack":"CastError: Cast to ObjectId failed for value \"1\" (type string) at path \"_id\" for model \"Genre\"\n    at model.Query.exec (C:\\Users\\Peter Ly\\Desktop\\FutureProof\\post-fp\\vanillaJS\\vidly\\node_modules\\mongoose\\lib\\query.js:4498:21)\n    at model.Query.Object.<anonymous>.Query.then (C:\\Users\\Peter Ly\\Desktop\\FutureProof\\post-fp\\vanillaJS\\vidly\\node_modules\\mongoose\\lib\\query.js:4592:15)\n    at processTicksAndRejections (node:internal/process/task_queues:96:5)","stringValue":"\"1\"","kind":"ObjectId","value":"1","path":"_id","reason":{},"valueType":"string","level":"error","timestamp":"2023-01-28T17:29:25.928Z"}
{"level":"info","message":"Listening on port 3000...","timestamp":"2023-01-28T17:29:57.533Z"}
{"level":"info","message":"Connected to mongodb://localhost/vidly_tests...","timestamp":"2023-01-28T17:29:57.588Z"}
{"level":"info","message":"Listening on port 3000...","timestamp":"2023-01-28T17:29:57.649Z"}
{"code":"ERR_HTTP_HEADERS_SENT","level":"error","timestamp":"2023-01-28T17:29:57.703Z"}
{"level":"info","message":"Connected to mongodb://localhost/vidly_tests...","timestamp":"2023-01-28T17:29:57.728Z"}
{"level":"info","message":"Listening on port 3000...","timestamp":"2023-01-28T17:29:57.860Z"}
{"level":"info","message":"Connected to mongodb://localhost/vidly_tests...","timestamp":"2023-01-28T17:29:57.906Z"}
{"code":"ERR_HTTP_HEADERS_SENT","level":"error","timestamp":"2023-01-28T17:29:58.083Z"}
{"level":"info","message":"Listening on port 3000...","timestamp":"2023-01-28T17:31:41.936Z"}
{"code":"ERR_HTTP_HEADERS_SENT","level":"error","timestamp":"2023-01-28T17:31:41.998Z"}
{"level":"info","message":"Connected to mongodb://localhost/vidly_tests...","timestamp":"2023-01-28T17:31:42.026Z"}
{"level":"info","message":"Listening on port 3000...","timestamp":"2023-01-28T17:31:42.040Z"}
{"level":"info","message":"Connected to mongodb://localhost/vidly_tests...","timestamp":"2023-01-28T17:31:42.044Z"}
{"code":"ERR_HTTP_HEADERS_SENT","level":"error","timestamp":"2023-01-28T17:31:42.248Z"}
{"level":"info","message":"Listening on port 3000...","timestamp":"2023-01-28T17:31:42.294Z"}
{"level":"info","message":"Connected to mongodb://localhost/vidly_tests...","timestamp":"2023-01-28T17:31:42.346Z"}
{"level":"info","message":"Listening on port 3000...","timestamp":"2023-01-28T17:32:37.707Z"}
{"code":"ERR_HTTP_HEADERS_SENT","level":"error","timestamp":"2023-01-28T17:32:37.769Z"}
{"level":"info","message":"Connected to mongodb://localhost/vidly_tests...","timestamp":"2023-01-28T17:32:37.793Z"}
{"level":"info","message":"Connected to mongodb://localhost/vidly_tests...","timestamp":"2023-01-28T17:32:37.821Z"}
{"level":"info","message":"Connected to mongodb://localhost/vidly_tests...","timestamp":"2023-01-28T17:32:37.833Z"}
{"level":"info","message":"Listening on port 3000...","timestamp":"2023-01-28T17:32:37.845Z"}
{"code":"ERR_HTTP_HEADERS_SENT","level":"error","timestamp":"2023-01-28T17:32:38.052Z"}
{"level":"info","message":"Listening on port 3000...","timestamp":"2023-01-28T17:33:09.114Z"}
{"code":"ERR_HTTP_HEADERS_SENT","level":"error","timestamp":"2023-01-28T17:33:09.200Z"}
{"level":"info","message":"Connected to mongodb://localhost/vidly_tests...","timestamp":"2023-01-28T17:33:09.266Z"}
{"level":"info","message":"Connected to mongodb://localhost/vidly_tests...","timestamp":"2023-01-28T17:33:09.168Z"}
{"level":"info","message":"Listening on port 3000...","timestamp":"2023-01-28T17:33:09.194Z"}
{"code":"ERR_HTTP_HEADERS_SENT","level":"error","timestamp":"2023-01-28T17:33:09.447Z"}
{"level":"info","message":"Connected to mongodb://localhost/vidly_tests...","timestamp":"2023-01-28T17:33:09.414Z"}
{"level":"info","message":"Listening on port 3000...","timestamp":"2023-01-28T17:33:16.126Z"}
{"code":"ERR_HTTP_HEADERS_SENT","level":"error","timestamp":"2023-01-28T17:33:16.179Z"}
{"level":"info","message":"Connected to mongodb://localhost/vidly_tests...","timestamp":"2023-01-28T17:33:16.234Z"}
{"level":"info","message":"Connected to mongodb://localhost/vidly_tests...","timestamp":"2023-01-28T17:33:16.243Z"}
{"level":"info","message":"Listening on port 3000...","timestamp":"2023-01-28T17:33:16.258Z"}
{"level":"info","message":"Connected to mongodb://localhost/vidly_tests...","timestamp":"2023-01-28T17:33:16.305Z"}
{"code":"ERR_HTTP_HEADERS_SENT","level":"error","timestamp":"2023-01-28T17:33:16.481Z"}
{"level":"info","message":"Listening on port 3000...","timestamp":"2023-01-28T17:34:35.536Z"}
{"code":"ERR_HTTP_HEADERS_SENT","level":"error","timestamp":"2023-01-28T17:34:35.587Z"}
{"level":"info","message":"Connected to mongodb://localhost/vidly_tests...","timestamp":"2023-01-28T17:34:35.599Z"}
{"level":"info","message":"Connected to mongodb://localhost/vidly_tests...","timestamp":"2023-01-28T17:34:35.627Z"}
{"level":"info","message":"Listening on port 3000...","timestamp":"2023-01-28T17:34:35.754Z"}
{"level":"info","message":"Connected to mongodb://localhost/vidly_tests...","timestamp":"2023-01-28T17:34:35.791Z"}
{"code":"ERR_HTTP_HEADERS_SENT","level":"error","timestamp":"2023-01-28T17:34:35.955Z"}
{"level":"info","message":"Listening on port 3000...","timestamp":"2023-01-28T17:35:06.638Z"}
{"level":"info","message":"Listening on port 3000...","timestamp":"2023-01-28T17:35:06.657Z"}
{"level":"info","message":"Connected to mongodb://localhost/vidly_tests...","timestamp":"2023-01-28T17:35:06.682Z"}
{"code":"ERR_HTTP_HEADERS_SENT","level":"error","timestamp":"2023-01-28T17:35:06.705Z"}
{"level":"info","message":"Connected to mongodb://localhost/vidly_tests...","timestamp":"2023-01-28T17:35:06.727Z"}
{"level":"info","message":"Connected to mongodb://localhost/vidly_tests...","timestamp":"2023-01-28T17:35:06.738Z"}
{"code":"ERR_HTTP_HEADERS_SENT","level":"error","timestamp":"2023-01-28T17:35:06.893Z"}
{"message":"Cast to ObjectId failed for value \"1\" (type string) at path \"_id\" for model \"Genre\"","stack":"CastError: Cast to ObjectId failed for value \"1\" (type string) at path \"_id\" for model \"Genre\"\n    at model.Query.exec (C:\\Users\\Peter Ly\\Desktop\\FutureProof\\post-fp\\vanillaJS\\vidly\\node_modules\\mongoose\\lib\\query.js:4498:21)\n    at model.Query.Object.<anonymous>.Query.then (C:\\Users\\Peter Ly\\Desktop\\FutureProof\\post-fp\\vanillaJS\\vidly\\node_modules\\mongoose\\lib\\query.js:4592:15)\n    at processTicksAndRejections (node:internal/process/task_queues:96:5)","stringValue":"\"1\"","kind":"ObjectId","value":"1","path":"_id","reason":{},"valueType":"string","level":"error","timestamp":"2023-01-28T17:35:06.997Z"}
{"code":"ERR_HTTP_HEADERS_SENT","level":"error","timestamp":"2023-01-28T17:35:07.049Z"}
{"message":"Cast to ObjectId failed for value \"1\" (type string) at path \"_id\" for model \"Genre\"","stack":"CastError: Cast to ObjectId failed for value \"1\" (type string) at path \"_id\" for model \"Genre\"\n    at model.Query.exec (C:\\Users\\Peter Ly\\Desktop\\FutureProof\\post-fp\\vanillaJS\\vidly\\node_modules\\mongoose\\lib\\query.js:4498:21)\n    at model.Query.Object.<anonymous>.Query.then (C:\\Users\\Peter Ly\\Desktop\\FutureProof\\post-fp\\vanillaJS\\vidly\\node_modules\\mongoose\\lib\\query.js:4592:15)\n    at processTicksAndRejections (node:internal/process/task_queues:96:5)","stringValue":"\"1\"","kind":"ObjectId","value":"1","path":"_id","reason":{},"valueType":"string","level":"error","timestamp":"2023-01-28T17:35:07.074Z"}
{"level":"info","message":"Listening on port 3000...","timestamp":"2023-01-28T17:35:53.472Z"}
{"code":"ERR_HTTP_HEADERS_SENT","level":"error","timestamp":"2023-01-28T17:35:53.541Z"}
{"level":"info","message":"Connected to mongodb://localhost/vidly_tests...","timestamp":"2023-01-28T17:35:53.598Z"}
{"level":"info","message":"Connected to mongodb://localhost/vidly_tests...","timestamp":"2023-01-28T17:35:53.644Z"}
{"level":"info","message":"Listening on port 3000...","timestamp":"2023-01-28T17:35:53.751Z"}
{"level":"info","message":"Connected to mongodb://localhost/vidly_tests...","timestamp":"2023-01-28T17:35:53.802Z"}
{"code":"ERR_HTTP_HEADERS_SENT","level":"error","timestamp":"2023-01-28T17:35:54.006Z"}
{"level":"info","message":"Listening on port 3000...","timestamp":"2023-01-28T17:46:04.719Z"}
{"code":"ERR_HTTP_HEADERS_SENT","level":"error","timestamp":"2023-01-28T17:46:04.771Z"}
{"level":"info","message":"Connected to mongodb://localhost/vidly_tests...","timestamp":"2023-01-28T17:46:04.754Z"}
{"level":"info","message":"Listening on port 3000...","timestamp":"2023-01-28T17:46:04.840Z"}
{"level":"info","message":"Connected to mongodb://localhost/vidly_tests...","timestamp":"2023-01-28T17:46:04.814Z"}
{"code":"ERR_HTTP_HEADERS_SENT","level":"error","timestamp":"2023-01-28T17:46:05.004Z"}
{"level":"info","message":"Listening on port 3000...","timestamp":"2023-01-28T17:46:04.995Z"}
{"level":"info","message":"Connected to mongodb://localhost/vidly_tests...","timestamp":"2023-01-28T17:46:05.048Z"}
{"level":"info","message":"Listening on port 3000...","timestamp":"2023-01-28T17:46:43.348Z"}
{"code":"ERR_HTTP_HEADERS_SENT","level":"error","timestamp":"2023-01-28T17:46:43.401Z"}
{"level":"info","message":"Connected to mongodb://localhost/vidly_tests...","timestamp":"2023-01-28T17:46:43.420Z"}
{"level":"info","message":"Connected to mongodb://localhost/vidly_tests...","timestamp":"2023-01-28T17:46:43.449Z"}
{"level":"info","message":"Connected to mongodb://localhost/vidly_tests...","timestamp":"2023-01-28T17:46:43.504Z"}
{"level":"info","message":"Listening on port 3000...","timestamp":"2023-01-28T17:46:43.515Z"}
{"code":"ERR_HTTP_HEADERS_SENT","level":"error","timestamp":"2023-01-28T17:46:43.736Z"}
{"level":"info","message":"Listening on port 3000...","timestamp":"2023-01-28T17:49:11.589Z"}
{"level":"info","message":"Connected to mongodb://localhost/vidly_tests...","timestamp":"2023-01-28T17:49:11.645Z"}
{"level":"info","message":"Listening on port 3000...","timestamp":"2023-01-28T17:49:11.751Z"}
{"level":"info","message":"Connected to mongodb://localhost/vidly_tests...","timestamp":"2023-01-28T17:49:11.734Z"}
{"code":"ERR_HTTP_HEADERS_SENT","level":"error","timestamp":"2023-01-28T17:49:11.823Z"}
{"code":"ERR_HTTP_HEADERS_SENT","level":"error","timestamp":"2023-01-28T17:49:11.947Z"}
{"level":"info","message":"Connected to mongodb://localhost/vidly_tests...","timestamp":"2023-01-28T17:49:11.872Z"}
{"level":"info","message":"Listening on port 3000...","timestamp":"2023-01-28T17:49:45.698Z"}
{"level":"info","message":"Connected to mongodb://localhost/vidly_tests...","timestamp":"2023-01-28T17:49:45.746Z"}
{"level":"info","message":"Listening on port 3000...","timestamp":"2023-01-28T17:49:45.750Z"}
{"code":"ERR_HTTP_HEADERS_SENT","level":"error","timestamp":"2023-01-28T17:49:45.794Z"}
{"level":"info","message":"Connected to mongodb://localhost/vidly_tests...","timestamp":"2023-01-28T17:49:45.818Z"}
{"level":"info","message":"Connected to mongodb://localhost/vidly_tests...","timestamp":"2023-01-28T17:49:45.829Z"}
{"code":"ERR_HTTP_HEADERS_SENT","level":"error","timestamp":"2023-01-28T17:49:45.974Z"}
{"level":"info","message":"Listening on port 3000...","timestamp":"2023-01-28T17:51:01.660Z"}
{"level":"info","message":"Connected to mongodb://localhost/vidly_tests...","timestamp":"2023-01-28T17:51:01.708Z"}
{"level":"info","message":"Connected to mongodb://localhost/vidly_tests...","timestamp":"2023-01-28T17:51:01.740Z"}
{"level":"info","message":"Listening on port 3000...","timestamp":"2023-01-28T17:51:01.837Z"}
{"code":"ERR_HTTP_HEADERS_SENT","level":"error","timestamp":"2023-01-28T17:51:01.888Z"}
{"code":"ERR_HTTP_HEADERS_SENT","level":"error","timestamp":"2023-01-28T17:51:01.925Z"}
{"level":"info","message":"Connected to mongodb://localhost/vidly_tests...","timestamp":"2023-01-28T17:51:01.916Z"}
{"level":"info","message":"Listening on port 3000...","timestamp":"2023-01-28T17:51:14.318Z"}
{"level":"info","message":"Connected to mongodb://localhost/vidly_tests...","timestamp":"2023-01-28T17:51:14.372Z"}
{"level":"info","message":"Listening on port 3000...","timestamp":"2023-01-28T17:51:14.383Z"}
{"code":"ERR_HTTP_HEADERS_SENT","level":"error","timestamp":"2023-01-28T17:51:14.426Z"}
{"level":"info","message":"Connected to mongodb://localhost/vidly_tests...","timestamp":"2023-01-28T17:51:14.457Z"}
{"level":"info","message":"Listening on port 3000...","timestamp":"2023-01-28T17:51:14.583Z"}
{"level":"info","message":"Connected to mongodb://localhost/vidly_tests...","timestamp":"2023-01-28T17:51:14.626Z"}
{"code":"ERR_HTTP_HEADERS_SENT","level":"error","timestamp":"2023-01-28T17:51:14.791Z"}
{"level":"info","message":"Listening on port 3000...","timestamp":"2023-01-28T17:51:29.354Z"}
{"code":"ERR_HTTP_HEADERS_SENT","level":"error","timestamp":"2023-01-28T17:51:29.400Z"}
{"level":"info","message":"Connected to mongodb://localhost/vidly_tests...","timestamp":"2023-01-28T17:51:29.441Z"}
{"level":"info","message":"Connected to mongodb://localhost/vidly_tests...","timestamp":"2023-01-28T17:51:29.554Z"}
{"level":"info","message":"Connected to mongodb://localhost/vidly_tests...","timestamp":"2023-01-28T17:51:29.541Z"}
{"level":"info","message":"Listening on port 3000...","timestamp":"2023-01-28T17:51:29.553Z"}
{"code":"ERR_HTTP_HEADERS_SENT","level":"error","timestamp":"2023-01-28T17:51:29.744Z"}
{"level":"info","message":"Listening on port 3000...","timestamp":"2023-01-28T17:52:08.757Z"}
{"level":"info","message":"Connected to mongodb://localhost/vidly_tests...","timestamp":"2023-01-28T17:52:08.805Z"}
{"level":"info","message":"Listening on port 3000...","timestamp":"2023-01-28T17:52:08.830Z"}
{"code":"ERR_HTTP_HEADERS_SENT","level":"error","timestamp":"2023-01-28T17:52:08.876Z"}
{"level":"info","message":"Connected to mongodb://localhost/vidly_tests...","timestamp":"2023-01-28T17:52:08.908Z"}
{"level":"info","message":"Connected to mongodb://localhost/vidly_tests...","timestamp":"2023-01-28T17:52:08.936Z"}
{"code":"ERR_HTTP_HEADERS_SENT","level":"error","timestamp":"2023-01-28T17:52:09.034Z"}
{"level":"info","message":"Listening on port 3000...","timestamp":"2023-01-28T17:53:05.386Z"}
{"code":"ERR_HTTP_HEADERS_SENT","level":"error","timestamp":"2023-01-28T17:53:05.433Z"}
{"level":"info","message":"Connected to mongodb://localhost/vidly_tests...","timestamp":"2023-01-28T17:53:05.433Z"}
{"level":"info","message":"Connected to mongodb://localhost/vidly_tests...","timestamp":"2023-01-28T17:53:05.477Z"}
{"level":"info","message":"Listening on port 3000...","timestamp":"2023-01-28T17:53:05.579Z"}
{"level":"info","message":"Connected to mongodb://localhost/vidly_tests...","timestamp":"2023-01-28T17:53:05.619Z"}
{"code":"ERR_HTTP_HEADERS_SENT","level":"error","timestamp":"2023-01-28T17:53:05.788Z"}
{"level":"info","message":"Listening on port 3000...","timestamp":"2023-01-28T17:53:21.036Z"}
{"level":"info","message":"Connected to mongodb://localhost/vidly_tests...","timestamp":"2023-01-28T17:53:21.093Z"}
{"level":"info","message":"Listening on port 3000...","timestamp":"2023-01-28T17:53:21.132Z"}
{"level":"info","message":"Connected to mongodb://localhost/vidly_tests...","timestamp":"2023-01-28T17:53:21.128Z"}
{"level":"info","message":"Listening on port 3000...","timestamp":"2023-01-28T17:53:21.140Z"}
{"code":"ERR_HTTP_HEADERS_SENT","level":"error","timestamp":"2023-01-28T17:53:21.177Z"}
{"level":"info","message":"Connected to mongodb://localhost/vidly_tests...","timestamp":"2023-01-28T17:53:21.205Z"}
{"code":"ERR_HTTP_HEADERS_SENT","level":"error","timestamp":"2023-01-28T17:53:21.327Z"}
{"level":"info","message":"Listening on port 3000...","timestamp":"2023-01-28T17:56:33.213Z"}
{"level":"info","message":"Connected to mongodb://localhost/vidly_tests...","timestamp":"2023-01-28T17:56:33.264Z"}
{"level":"info","message":"Listening on port 3000...","timestamp":"2023-01-28T17:56:33.258Z"}
{"code":"ERR_HTTP_HEADERS_SENT","level":"error","timestamp":"2023-01-28T17:56:33.305Z"}
{"level":"info","message":"Connected to mongodb://localhost/vidly_tests...","timestamp":"2023-01-28T17:56:33.332Z"}
{"level":"info","message":"Listening on port 3000...","timestamp":"2023-01-28T17:56:33.484Z"}
{"level":"info","message":"Connected to mongodb://localhost/vidly_tests...","timestamp":"2023-01-28T17:56:33.530Z"}
{"code":"ERR_HTTP_HEADERS_SENT","level":"error","timestamp":"2023-01-28T17:56:33.729Z"}
{"level":"info","message":"Listening on port 3000...","timestamp":"2023-01-28T17:56:41.746Z"}
{"level":"info","message":"Listening on port 3000...","timestamp":"2023-01-28T17:56:41.765Z"}
{"level":"info","message":"Connected to mongodb://localhost/vidly_tests...","timestamp":"2023-01-28T17:56:41.792Z"}
{"code":"ERR_HTTP_HEADERS_SENT","level":"error","timestamp":"2023-01-28T17:56:41.815Z"}
{"level":"info","message":"Connected to mongodb://localhost/vidly_tests...","timestamp":"2023-01-28T17:56:41.783Z"}
{"level":"info","message":"Listening on port 3000...","timestamp":"2023-01-28T17:56:41.798Z"}
{"level":"info","message":"Connected to mongodb://localhost/vidly_tests...","timestamp":"2023-01-28T17:56:41.846Z"}
{"code":"ERR_HTTP_HEADERS_SENT","level":"error","timestamp":"2023-01-28T17:56:41.992Z"}
{"level":"info","message":"Listening on port 3000...","timestamp":"2023-01-28T17:57:09.170Z"}
{"level":"info","message":"Listening on port 3000...","timestamp":"2023-01-28T17:57:09.217Z"}
{"level":"info","message":"Connected to mongodb://localhost/vidly_tests...","timestamp":"2023-01-28T17:57:09.238Z"}
{"code":"ERR_HTTP_HEADERS_SENT","level":"error","timestamp":"2023-01-28T17:57:09.269Z"}
{"level":"info","message":"Connected to mongodb://localhost/vidly_tests...","timestamp":"2023-01-28T17:57:09.300Z"}
{"level":"info","message":"Listening on port 3000...","timestamp":"2023-01-28T17:57:09.498Z"}
{"level":"info","message":"Connected to mongodb://localhost/vidly_tests...","timestamp":"2023-01-28T17:57:09.530Z"}
{"code":"ERR_HTTP_HEADERS_SENT","level":"error","timestamp":"2023-01-28T17:57:09.716Z"}
{"level":"info","message":"Listening on port 3000...","timestamp":"2023-01-28T17:58:26.388Z"}
{"code":"ERR_HTTP_HEADERS_SENT","level":"error","timestamp":"2023-01-28T17:58:26.443Z"}
{"level":"info","message":"Connected to mongodb://localhost/vidly_tests...","timestamp":"2023-01-28T17:58:26.427Z"}
{"level":"info","message":"Listening on port 3000...","timestamp":"2023-01-28T17:58:26.438Z"}
{"level":"info","message":"Connected to mongodb://localhost/vidly_tests...","timestamp":"2023-01-28T17:58:26.481Z"}
{"level":"info","message":"Connected to mongodb://localhost/vidly_tests...","timestamp":"2023-01-28T17:58:26.548Z"}
{"code":"ERR_HTTP_HEADERS_SENT","level":"error","timestamp":"2023-01-28T17:58:26.650Z"}
{"level":"info","message":"Listening on port 3000...","timestamp":"2023-01-28T17:59:00.839Z"}
{"level":"info","message":"Connected to mongodb://localhost/vidly_tests...","timestamp":"2023-01-28T17:59:00.888Z"}
{"level":"info","message":"Listening on port 3000...","timestamp":"2023-01-28T17:59:00.923Z"}
{"code":"ERR_HTTP_HEADERS_SENT","level":"error","timestamp":"2023-01-28T17:59:00.976Z"}
{"level":"info","message":"Connected to mongodb://localhost/vidly_tests...","timestamp":"2023-01-28T17:59:00.951Z"}
{"level":"info","message":"Connected to mongodb://localhost/vidly_tests...","timestamp":"2023-01-28T17:59:01.007Z"}
{"code":"ERR_HTTP_HEADERS_SENT","level":"error","timestamp":"2023-01-28T17:59:01.104Z"}
{"level":"info","message":"Listening on port 3000...","timestamp":"2023-01-28T17:59:29.462Z"}
{"code":"ERR_HTTP_HEADERS_SENT","level":"error","timestamp":"2023-01-28T17:59:29.507Z"}
{"level":"info","message":"Connected to mongodb://localhost/vidly_tests...","timestamp":"2023-01-28T17:59:29.550Z"}
{"level":"info","message":"Connected to mongodb://localhost/vidly_tests...","timestamp":"2023-01-28T17:59:29.555Z"}
{"level":"info","message":"Connected to mongodb://localhost/vidly_tests...","timestamp":"2023-01-28T17:59:29.564Z"}
{"level":"info","message":"Listening on port 3000...","timestamp":"2023-01-28T17:59:29.576Z"}
{"code":"ERR_HTTP_HEADERS_SENT","level":"error","timestamp":"2023-01-28T17:59:29.771Z"}
{"level":"info","message":"Listening on port 3000...","timestamp":"2023-01-28T18:00:49.169Z"}
{"level":"info","message":"Listening on port 3000...","timestamp":"2023-01-28T18:00:49.222Z"}
{"level":"info","message":"Connected to mongodb://localhost/vidly_tests...","timestamp":"2023-01-28T18:00:49.234Z"}
{"code":"ERR_HTTP_HEADERS_SENT","level":"error","timestamp":"2023-01-28T18:00:49.284Z"}
{"level":"info","message":"Connected to mongodb://localhost/vidly_tests...","timestamp":"2023-01-28T18:00:49.319Z"}
{"level":"info","message":"Connected to mongodb://localhost/vidly_tests...","timestamp":"2023-01-28T18:00:49.360Z"}
{"code":"ERR_HTTP_HEADERS_SENT","level":"error","timestamp":"2023-01-28T18:00:49.536Z"}
{"level":"info","message":"Listening on port 3000...","timestamp":"2023-01-28T18:02:08.410Z"}
{"code":"ERR_HTTP_HEADERS_SENT","level":"error","timestamp":"2023-01-28T18:02:08.478Z"}
{"level":"info","message":"Connected to mongodb://localhost/vidly_tests...","timestamp":"2023-01-28T18:02:08.507Z"}
{"level":"info","message":"Listening on port 3000...","timestamp":"2023-01-28T18:02:08.519Z"}
{"level":"info","message":"Connected to mongodb://localhost/vidly_tests...","timestamp":"2023-01-28T18:02:08.546Z"}
{"level":"info","message":"Listening on port 3000...","timestamp":"2023-01-28T18:02:08.703Z"}
{"level":"info","message":"Connected to mongodb://localhost/vidly_tests...","timestamp":"2023-01-28T18:02:08.762Z"}
{"code":"ERR_HTTP_HEADERS_SENT","level":"error","timestamp":"2023-01-28T18:02:08.766Z"}
{"level":"info","message":"Listening on port 3000...","timestamp":"2023-01-28T18:03:26.375Z"}
{"level":"info","message":"Connected to mongodb://localhost/vidly_tests...","timestamp":"2023-01-28T18:03:26.420Z"}
{"level":"info","message":"Listening on port 3000...","timestamp":"2023-01-28T18:03:26.480Z"}
{"level":"info","message":"Connected to mongodb://localhost/vidly_tests...","timestamp":"2023-01-28T18:03:26.470Z"}
{"code":"ERR_HTTP_HEADERS_SENT","level":"error","timestamp":"2023-01-28T18:03:26.541Z"}
{"level":"info","message":"Listening on port 3000...","timestamp":"2023-01-28T18:03:26.617Z"}
{"code":"ERR_HTTP_HEADERS_SENT","level":"error","timestamp":"2023-01-28T18:03:26.657Z"}
{"level":"info","message":"Connected to mongodb://localhost/vidly_tests...","timestamp":"2023-01-28T18:03:26.582Z"}
{"level":"info","message":"Listening on port 3000...","timestamp":"2023-01-28T18:03:32.840Z"}
{"level":"info","message":"Connected to mongodb://localhost/vidly_tests...","timestamp":"2023-01-28T18:03:32.891Z"}
{"level":"info","message":"Listening on port 3000...","timestamp":"2023-01-28T18:03:32.922Z"}
{"code":"ERR_HTTP_HEADERS_SENT","level":"error","timestamp":"2023-01-28T18:03:32.977Z"}
{"level":"info","message":"Connected to mongodb://localhost/vidly_tests...","timestamp":"2023-01-28T18:03:32.930Z"}
{"level":"info","message":"Listening on port 3000...","timestamp":"2023-01-28T18:03:32.944Z"}
{"level":"info","message":"Connected to mongodb://localhost/vidly_tests...","timestamp":"2023-01-28T18:03:33.013Z"}
{"code":"ERR_HTTP_HEADERS_SENT","level":"error","timestamp":"2023-01-28T18:03:33.164Z"}
{"level":"info","message":"Listening on port 3000...","timestamp":"2023-01-28T18:04:34.789Z"}
{"code":"ERR_HTTP_HEADERS_SENT","level":"error","timestamp":"2023-01-28T18:04:34.849Z"}
{"level":"info","message":"Connected to mongodb://localhost/vidly_tests...","timestamp":"2023-01-28T18:04:34.921Z"}
{"level":"info","message":"Connected to mongodb://localhost/vidly_tests...","timestamp":"2023-01-28T18:04:34.915Z"}
{"level":"info","message":"Listening on port 3000...","timestamp":"2023-01-28T18:04:34.933Z"}
{"level":"info","message":"Connected to mongodb://localhost/vidly_tests...","timestamp":"2023-01-28T18:04:35.020Z"}
{"level":"info","message":"Listening on port 3000...","timestamp":"2023-01-28T18:04:35.154Z"}
{"code":"ERR_HTTP_HEADERS_SENT","level":"error","timestamp":"2023-01-28T18:04:35.184Z"}
{"level":"info","message":"Listening on port 3000...","timestamp":"2023-01-28T18:05:16.066Z"}
{"level":"info","message":"Connected to mongodb://localhost/vidly_tests...","timestamp":"2023-01-28T18:05:16.111Z"}
{"level":"info","message":"Listening on port 3000...","timestamp":"2023-01-28T18:05:16.145Z"}
{"code":"ERR_HTTP_HEADERS_SENT","level":"error","timestamp":"2023-01-28T18:05:16.197Z"}
{"level":"info","message":"Connected to mongodb://localhost/vidly_tests...","timestamp":"2023-01-28T18:05:16.170Z"}
{"level":"info","message":"Listening on port 3000...","timestamp":"2023-01-28T18:05:16.286Z"}
{"code":"ERR_HTTP_HEADERS_SENT","level":"error","timestamp":"2023-01-28T18:05:16.306Z"}
{"level":"info","message":"Connected to mongodb://localhost/vidly_tests...","timestamp":"2023-01-28T18:05:16.230Z"}
{"level":"info","message":"Listening on port 3000...","timestamp":"2023-01-28T18:05:33.175Z"}
{"level":"info","message":"Listening on port 3000...","timestamp":"2023-01-28T18:05:33.212Z"}
{"level":"info","message":"Connected to mongodb://localhost/vidly_tests...","timestamp":"2023-01-28T18:05:33.234Z"}
{"code":"ERR_HTTP_HEADERS_SENT","level":"error","timestamp":"2023-01-28T18:05:33.269Z"}
{"level":"info","message":"Connected to mongodb://localhost/vidly_tests...","timestamp":"2023-01-28T18:05:33.306Z"}
{"level":"info","message":"Listening on port 3000...","timestamp":"2023-01-28T18:05:33.452Z"}
{"code":"ERR_HTTP_HEADERS_SENT","level":"error","timestamp":"2023-01-28T18:05:33.505Z"}
{"level":"info","message":"Connected to mongodb://localhost/vidly_tests...","timestamp":"2023-01-28T18:05:33.519Z"}
{"level":"info","message":"Listening on port 3000...","timestamp":"2023-01-28T18:06:10.684Z"}
{"code":"ERR_HTTP_HEADERS_SENT","level":"error","timestamp":"2023-01-28T18:06:10.728Z"}
{"level":"info","message":"Connected to mongodb://localhost/vidly_tests...","timestamp":"2023-01-28T18:06:10.776Z"}
{"level":"info","message":"Connected to mongodb://localhost/vidly_tests...","timestamp":"2023-01-28T18:06:10.809Z"}
{"level":"info","message":"Listening on port 3000...","timestamp":"2023-01-28T18:06:10.820Z"}
{"level":"info","message":"Connected to mongodb://localhost/vidly_tests...","timestamp":"2023-01-28T18:06:10.839Z"}
{"level":"info","message":"Listening on port 3000...","timestamp":"2023-01-28T18:06:10.947Z"}
{"code":"ERR_HTTP_HEADERS_SENT","level":"error","timestamp":"2023-01-28T18:06:11.021Z"}
{"level":"info","message":"Listening on port 3000...","timestamp":"2023-01-28T18:09:36.115Z"}
{"code":"ERR_HTTP_HEADERS_SENT","level":"error","timestamp":"2023-01-28T18:09:36.172Z"}
{"level":"info","message":"Connected to mongodb://localhost/vidly_tests...","timestamp":"2023-01-28T18:09:36.227Z"}
{"level":"info","message":"Connected to mongodb://localhost/vidly_tests...","timestamp":"2023-01-28T18:09:36.247Z"}
{"level":"info","message":"Listening on port 3000...","timestamp":"2023-01-28T18:09:36.267Z"}
{"code":"ERR_HTTP_HEADERS_SENT","level":"error","timestamp":"2023-01-28T18:09:36.487Z"}
{"level":"info","message":"Listening on port 3000...","timestamp":"2023-01-28T18:09:36.474Z"}
{"level":"info","message":"Connected to mongodb://localhost/vidly_tests...","timestamp":"2023-01-28T18:09:36.516Z"}
{"level":"info","message":"Listening on port 3000...","timestamp":"2023-01-28T18:12:30.806Z"}
{"level":"info","message":"Connected to mongodb://localhost/vidly_tests...","timestamp":"2023-01-28T18:12:30.849Z"}
{"level":"info","message":"Listening on port 3000...","timestamp":"2023-01-28T18:12:30.866Z"}
{"code":"ERR_HTTP_HEADERS_SENT","level":"error","timestamp":"2023-01-28T18:12:30.914Z"}
{"level":"info","message":"Connected to mongodb://localhost/vidly_tests...","timestamp":"2023-01-28T18:12:30.948Z"}
{"code":"ERR_HTTP_HEADERS_SENT","level":"error","timestamp":"2023-01-28T18:12:31.064Z"}
{"level":"info","message":"Listening on port 3000...","timestamp":"2023-01-28T18:12:31.056Z"}
{"level":"info","message":"Connected to mongodb://localhost/vidly_tests...","timestamp":"2023-01-28T18:12:31.100Z"}
{"level":"info","message":"Listening on port 3000...","timestamp":"2023-01-28T18:13:42.590Z"}
{"code":"ERR_HTTP_HEADERS_SENT","level":"error","timestamp":"2023-01-28T18:13:42.638Z"}
{"level":"info","message":"Connected to mongodb://localhost/vidly_tests...","timestamp":"2023-01-28T18:13:42.659Z"}
{"level":"info","message":"Listening on port 3000...","timestamp":"2023-01-28T18:13:42.670Z"}
{"level":"info","message":"Connected to mongodb://localhost/vidly_tests...","timestamp":"2023-01-28T18:13:42.694Z"}
{"code":"ERR_HTTP_HEADERS_SENT","level":"error","timestamp":"2023-01-28T18:13:42.877Z"}
{"level":"info","message":"Connected to mongodb://localhost/vidly_tests...","timestamp":"2023-01-28T18:13:42.833Z"}
{"level":"info","message":"Listening on port 3000...","timestamp":"2023-01-28T18:13:42.945Z"}
{"level":"info","message":"Listening on port 3000...","timestamp":"2023-01-28T18:13:55.574Z"}
{"level":"info","message":"Connected to mongodb://localhost/vidly_tests...","timestamp":"2023-01-28T18:13:55.625Z"}
{"level":"info","message":"Listening on port 3000...","timestamp":"2023-01-28T18:13:55.719Z"}
{"level":"info","message":"Connected to mongodb://localhost/vidly_tests...","timestamp":"2023-01-28T18:13:55.710Z"}
{"code":"ERR_HTTP_HEADERS_SENT","level":"error","timestamp":"2023-01-28T18:13:55.767Z"}
{"level":"info","message":"Listening on port 3000...","timestamp":"2023-01-28T18:13:55.822Z"}
{"code":"ERR_HTTP_HEADERS_SENT","level":"error","timestamp":"2023-01-28T18:13:55.840Z"}
{"level":"info","message":"Connected to mongodb://localhost/vidly_tests...","timestamp":"2023-01-28T18:13:55.804Z"}
{"level":"info","message":"Listening on port 3000...","timestamp":"2023-01-28T18:18:50.849Z"}
{"code":"ERR_HTTP_HEADERS_SENT","level":"error","timestamp":"2023-01-28T18:18:50.900Z"}
{"level":"info","message":"Connected to mongodb://localhost/vidly_tests...","timestamp":"2023-01-28T18:18:50.880Z"}
{"level":"info","message":"Listening on port 3000...","timestamp":"2023-01-28T18:18:50.896Z"}
{"level":"info","message":"Connected to mongodb://localhost/vidly_tests...","timestamp":"2023-01-28T18:18:50.944Z"}
{"code":"ERR_HTTP_HEADERS_SENT","level":"error","timestamp":"2023-01-28T18:18:51.111Z"}
{"level":"info","message":"Connected to mongodb://localhost/vidly_tests...","timestamp":"2023-01-28T18:18:51.108Z"}
{"level":"info","message":"Listening on port 3000...","timestamp":"2023-01-28T18:18:51.223Z"}
{"level":"info","message":"Listening on port 3000...","timestamp":"2023-01-28T18:21:45.900Z"}
{"level":"info","message":"Connected to mongodb://localhost/vidly_tests...","timestamp":"2023-01-28T18:21:45.936Z"}
{"level":"info","message":"Listening on port 3000...","timestamp":"2023-01-28T18:21:45.955Z"}
{"code":"ERR_HTTP_HEADERS_SENT","level":"error","timestamp":"2023-01-28T18:21:46.007Z"}
{"level":"info","message":"Connected to mongodb://localhost/vidly_tests...","timestamp":"2023-01-28T18:21:46.043Z"}
{"level":"info","message":"Connected to mongodb://localhost/vidly_tests...","timestamp":"2023-01-28T18:21:46.081Z"}
{"code":"ERR_HTTP_HEADERS_SENT","level":"error","timestamp":"2023-01-28T18:21:46.159Z"}
{"level":"info","message":"Listening on port 3000...","timestamp":"2023-01-28T18:21:46.200Z"}
{"level":"info","message":"Listening on port 3000...","timestamp":"2023-01-28T18:22:13.697Z"}
{"level":"info","message":"Connected to mongodb://localhost/vidly_tests...","timestamp":"2023-01-28T18:22:13.745Z"}
{"level":"info","message":"Listening on port 3000...","timestamp":"2023-01-28T18:22:13.801Z"}
{"code":"ERR_HTTP_HEADERS_SENT","level":"error","timestamp":"2023-01-28T18:22:13.891Z"}
{"level":"info","message":"Connected to mongodb://localhost/vidly_tests...","timestamp":"2023-01-28T18:22:13.882Z"}
{"level":"info","message":"Connected to mongodb://localhost/vidly_tests...","timestamp":"2023-01-28T18:22:13.914Z"}
{"code":"ERR_HTTP_HEADERS_SENT","level":"error","timestamp":"2023-01-28T18:22:14.024Z"}
{"level":"info","message":"Listening on port 3000...","timestamp":"2023-01-28T18:22:14.026Z"}
{"level":"info","message":"Listening on port 3000...","timestamp":"2023-01-28T18:22:26.942Z"}
{"level":"info","message":"Listening on port 3000...","timestamp":"2023-01-28T18:22:26.935Z"}
{"level":"info","message":"Connected to mongodb://localhost/vidly_tests...","timestamp":"2023-01-28T18:22:26.989Z"}
{"code":"ERR_HTTP_HEADERS_SENT","level":"error","timestamp":"2023-01-28T18:22:26.985Z"}
{"level":"info","message":"Connected to mongodb://localhost/vidly_tests...","timestamp":"2023-01-28T18:22:27.019Z"}
{"level":"info","message":"Connected to mongodb://localhost/vidly_tests...","timestamp":"2023-01-28T18:22:27.056Z"}
{"level":"info","message":"Listening on port 3000...","timestamp":"2023-01-28T18:22:27.069Z"}
{"code":"ERR_HTTP_HEADERS_SENT","level":"error","timestamp":"2023-01-28T18:22:27.273Z"}
{"level":"info","message":"Listening on port 3000...","timestamp":"2023-01-28T18:23:14.240Z"}
{"level":"info","message":"Connected to mongodb://localhost/vidly_tests...","timestamp":"2023-01-28T18:23:14.283Z"}
{"level":"info","message":"Listening on port 3000...","timestamp":"2023-01-28T18:23:14.316Z"}
{"code":"ERR_HTTP_HEADERS_SENT","level":"error","timestamp":"2023-01-28T18:23:14.369Z"}
{"level":"info","message":"Connected to mongodb://localhost/vidly_tests...","timestamp":"2023-01-28T18:23:14.374Z"}
{"level":"info","message":"Connected to mongodb://localhost/vidly_tests...","timestamp":"2023-01-28T18:23:14.402Z"}
{"code":"ERR_HTTP_HEADERS_SENT","level":"error","timestamp":"2023-01-28T18:23:14.499Z"}
{"level":"info","message":"Listening on port 3000...","timestamp":"2023-01-28T18:23:14.499Z"}
